{"D:\\code\\express-notes-api\\backend\\src\\app.ts": {"path":"D:\\code\\express-notes-api\\backend\\src\\app.ts","statementMap":{"0":{"start":{"line":1,"column":0},"end":{"line":1,"column":30}},"1":{"start":{"line":2,"column":0},"end":{"line":2,"column":24}},"2":{"start":{"line":3,"column":0},"end":{"line":3,"column":45}},"3":{"start":{"line":4,"column":0},"end":{"line":4,"column":67}},"4":{"start":{"line":5,"column":0},"end":{"line":5,"column":55}},"5":{"start":{"line":6,"column":0},"end":{"line":6,"column":51}},"6":{"start":{"line":7,"column":0},"end":{"line":7,"column":31}},"7":{"start":{"line":9,"column":12},"end":{"line":9,"column":21}},"8":{"start":{"line":11,"column":0},"end":{"line":11,"column":27}},"9":{"start":{"line":12,"column":0},"end":{"line":12,"column":24}},"10":{"start":{"line":13,"column":0},"end":{"line":13,"column":30}},"11":{"start":{"line":15,"column":0},"end":{"line":15,"column":23}},"12":{"start":{"line":17,"column":0},"end":{"line":17,"column":24}},"13":{"start":{"line":18,"column":0},"end":{"line":18,"column":22}},"14":{"start":{"line":20,"column":0},"end":{"line":20,"column":19}}},"fnMap":{},"branchMap":{},"s":{"0":2,"1":2,"2":2,"3":2,"4":2,"5":2,"6":2,"7":2,"8":2,"9":2,"10":2,"11":2,"12":2,"13":2,"14":2},"f":{},"b":{}}
,"D:\\code\\express-notes-api\\backend\\src\\__tests__\\notes.fixture.ts": {"path":"D:\\code\\express-notes-api\\backend\\src\\__tests__\\notes.fixture.ts","statementMap":{"0":{"start":{"line":1,"column":0},"end":{"line":1,"column":36}},"1":{"start":{"line":3,"column":13},"end":{"line":3,"column":38}},"2":{"start":{"line":4,"column":13},"end":{"line":4,"column":47}},"3":{"start":{"line":5,"column":13},"end":{"line":5,"column":74}},"4":{"start":{"line":7,"column":13},"end":{"line":7,"column":65}},"5":{"start":{"line":8,"column":13},"end":{"line":8,"column":67}},"6":{"start":{"line":10,"column":13},"end":{"line":17,"column":2}},"7":{"start":{"line":19,"column":13},"end":{"line":23,"column":2}},"8":{"start":{"line":25,"column":13},"end":{"line":29,"column":2}},"9":{"start":{"line":31,"column":13},"end":{"line":35,"column":2}},"10":{"start":{"line":37,"column":13},"end":{"line":37,"column":69}},"11":{"start":{"line":39,"column":13},"end":{"line":43,"column":2}},"12":{"start":{"line":45,"column":13},"end":{"line":51,"column":2}},"13":{"start":{"line":53,"column":13},"end":{"line":58,"column":2}},"14":{"start":{"line":60,"column":13},"end":{"line":65,"column":2}},"15":{"start":{"line":67,"column":13},"end":{"line":94,"column":2}}},"fnMap":{},"branchMap":{},"s":{"0":1,"1":1,"2":1,"3":1,"4":1,"5":1,"6":1,"7":1,"8":1,"9":1,"10":1,"11":1,"12":1,"13":1,"14":1,"15":1},"f":{},"b":{}}
,"D:\\code\\express-notes-api\\backend\\src\\config\\allowedOrigins.ts": {"path":"D:\\code\\express-notes-api\\backend\\src\\config\\allowedOrigins.ts","statementMap":{"0":{"start":{"line":1,"column":33},"end":{"line":1,"column":58}},"1":{"start":{"line":3,"column":0},"end":{"line":3,"column":30}}},"fnMap":{},"branchMap":{},"s":{"0":2,"1":2},"f":{},"b":{}}
,"D:\\code\\express-notes-api\\backend\\src\\config\\corsOptions.ts": {"path":"D:\\code\\express-notes-api\\backend\\src\\config\\corsOptions.ts","statementMap":{"0":{"start":{"line":1,"column":0},"end":{"line":1,"column":46}},"1":{"start":{"line":3,"column":20},"end":{"line":7,"column":2}},"2":{"start":{"line":9,"column":0},"end":{"line":9,"column":27}}},"fnMap":{},"branchMap":{},"s":{"0":2,"1":2,"2":2},"f":{},"b":{}}
,"D:\\code\\express-notes-api\\backend\\src\\data\\noteDB.ts": {"path":"D:\\code\\express-notes-api\\backend\\src\\data\\noteDB.ts","statementMap":{"0":{"start":{"line":1,"column":0},"end":{"line":1,"column":29}},"1":{"start":{"line":2,"column":0},"end":{"line":2,"column":46}},"2":{"start":{"line":3,"column":0},"end":{"line":3,"column":56}},"3":{"start":{"line":5,"column":0},"end":{"line":5,"column":50}},"4":{"start":{"line":6,"column":0},"end":{"line":6,"column":57}},"5":{"start":{"line":10,"column":35},"end":{"line":39,"column":1}},"6":{"start":{"line":11,"column":2},"end":{"line":32,"column":null}},"7":{"start":{"line":12,"column":17},"end":{"line":12,"column":50}},"8":{"start":{"line":13,"column":36},"end":{"line":13,"column":52}},"9":{"start":{"line":15,"column":4},"end":{"line":21,"column":null}},"10":{"start":{"line":16,"column":6},"end":{"line":20,"column":9}},"11":{"start":{"line":23,"column":4},"end":{"line":29,"column":null}},"12":{"start":{"line":24,"column":6},"end":{"line":28,"column":9}},"13":{"start":{"line":31,"column":4},"end":{"line":31,"column":22}},"14":{"start":{"line":34,"column":2},"end":{"line":38,"column":5}},"15":{"start":{"line":10,"column":13},"end":{"line":10,"column":35}},"16":{"start":{"line":41,"column":29},"end":{"line":55,"column":1}},"17":{"start":{"line":42,"column":2},"end":{"line":54,"column":null}},"18":{"start":{"line":43,"column":29},"end":{"line":43,"column":60}},"19":{"start":{"line":44,"column":4},"end":{"line":50,"column":null}},"20":{"start":{"line":45,"column":6},"end":{"line":49,"column":9}},"21":{"start":{"line":51,"column":4},"end":{"line":51,"column":30}},"22":{"start":{"line":53,"column":4},"end":{"line":53,"column":45}},"23":{"start":{"line":41,"column":13},"end":{"line":41,"column":29}},"24":{"start":{"line":57,"column":28},"end":{"line":67,"column":1}},"25":{"start":{"line":58,"column":25},"end":{"line":64,"column":4}},"26":{"start":{"line":61,"column":6},"end":{"line":61,"column":25}},"27":{"start":{"line":62,"column":6},"end":{"line":62,"column":67}},"28":{"start":{"line":66,"column":2},"end":{"line":66,"column":16}},"29":{"start":{"line":57,"column":13},"end":{"line":57,"column":28}}},"fnMap":{"0":{"name":"(anonymous_1)","decl":{"start":{"line":10,"column":35},"end":{"line":10,"column":36}},"loc":{"start":{"line":10,"column":58},"end":{"line":39,"column":1}}},"1":{"name":"(anonymous_2)","decl":{"start":{"line":41,"column":29},"end":{"line":41,"column":30}},"loc":{"start":{"line":41,"column":64},"end":{"line":55,"column":1}}},"2":{"name":"(anonymous_3)","decl":{"start":{"line":57,"column":28},"end":{"line":57,"column":29}},"loc":{"start":{"line":57,"column":54},"end":{"line":67,"column":1}}},"3":{"name":"(anonymous_4)","decl":{"start":{"line":60,"column":10},"end":{"line":60,"column":15}},"loc":{"start":{"line":60,"column":39},"end":{"line":63,"column":5}}}},"branchMap":{"0":{"loc":{"start":{"line":11,"column":2},"end":{"line":32,"column":null}},"type":"if","locations":[{"start":{"line":11,"column":2},"end":{"line":32,"column":null}}]},"1":{"loc":{"start":{"line":15,"column":4},"end":{"line":21,"column":null}},"type":"if","locations":[{"start":{"line":15,"column":4},"end":{"line":21,"column":null}}]},"2":{"loc":{"start":{"line":23,"column":4},"end":{"line":29,"column":null}},"type":"if","locations":[{"start":{"line":23,"column":4},"end":{"line":29,"column":null}}]},"3":{"loc":{"start":{"line":44,"column":4},"end":{"line":50,"column":null}},"type":"if","locations":[{"start":{"line":44,"column":4},"end":{"line":50,"column":null}}]}},"s":{"0":2,"1":2,"2":2,"3":2,"4":2,"5":2,"6":0,"7":0,"8":0,"9":0,"10":0,"11":0,"12":0,"13":0,"14":0,"15":2,"16":2,"17":0,"18":0,"19":0,"20":0,"21":0,"22":0,"23":2,"24":2,"25":0,"26":0,"27":0,"28":0,"29":2},"f":{"0":0,"1":0,"2":0,"3":0},"b":{"0":[0],"1":[0],"2":[0],"3":[0]}}
,"D:\\code\\express-notes-api\\backend\\src\\data\\noteDB_TEST.ts": {"path":"D:\\code\\express-notes-api\\backend\\src\\data\\noteDB_TEST.ts","statementMap":{"0":{"start":{"line":4,"column":28},"end":{"line":11,"column":1}},"1":{"start":{"line":5,"column":2},"end":{"line":10,"column":4}},"2":{"start":{"line":8,"column":6},"end":{"line":8,"column":25}},"3":{"start":{"line":4,"column":13},"end":{"line":4,"column":28}}},"fnMap":{"0":{"name":"(anonymous_0)","decl":{"start":{"line":4,"column":28},"end":{"line":4,"column":39}},"loc":{"start":{"line":4,"column":41},"end":{"line":11,"column":1}}},"1":{"name":"(anonymous_1)","decl":{"start":{"line":7,"column":10},"end":{"line":7,"column":15}},"loc":{"start":{"line":7,"column":39},"end":{"line":9,"column":5}}}},"branchMap":{},"s":{"0":2,"1":2,"2":7,"3":2},"f":{"0":2,"1":7},"b":{}}
,"D:\\code\\express-notes-api\\backend\\src\\helpers\\appError.utils.ts": {"path":"D:\\code\\express-notes-api\\backend\\src\\helpers\\appError.utils.ts","statementMap":{"0":{"start":{"line":13,"column":43},"end":{"line":13,"column":47}},"1":{"start":{"line":16,"column":4},"end":{"line":20,"column":null}},"2":{"start":{"line":17,"column":6},"end":{"line":17,"column":26}},"3":{"start":{"line":19,"column":6},"end":{"line":19,"column":34}},"4":{"start":{"line":22,"column":4},"end":{"line":22,"column":54}},"5":{"start":{"line":23,"column":4},"end":{"line":23,"column":37}},"6":{"start":{"line":24,"column":4},"end":{"line":24,"column":34}},"7":{"start":{"line":26,"column":4},"end":{"line":28,"column":null}},"8":{"start":{"line":27,"column":6},"end":{"line":27,"column":46}},"9":{"start":{"line":30,"column":4},"end":{"line":30,"column":34}},"10":{"start":{"line":10,"column":0},"end":{"line":10,"column":13}}},"fnMap":{"0":{"name":"(anonymous_0)","decl":{"start":{"line":15,"column":2},"end":{"line":15,"column":14}},"loc":{"start":{"line":15,"column":32},"end":{"line":31,"column":3}}}},"branchMap":{"0":{"loc":{"start":{"line":16,"column":4},"end":{"line":20,"column":null}},"type":"if","locations":[{"start":{"line":16,"column":4},"end":{"line":20,"column":null}},{"start":{"line":18,"column":11},"end":{"line":20,"column":null}}]},"1":{"loc":{"start":{"line":23,"column":16},"end":{"line":23,"column":36}},"type":"binary-expr","locations":[{"start":{"line":23,"column":16},"end":{"line":23,"column":25}},{"start":{"line":23,"column":29},"end":{"line":23,"column":36}}]},"2":{"loc":{"start":{"line":26,"column":4},"end":{"line":28,"column":null}},"type":"if","locations":[{"start":{"line":26,"column":4},"end":{"line":28,"column":null}}]}},"s":{"0":11,"1":11,"2":11,"3":0,"4":11,"5":11,"6":11,"7":11,"8":0,"9":11,"10":2},"f":{"0":11},"b":{"0":[11,0],"1":[11,6],"2":[0]}}
,"D:\\code\\express-notes-api\\backend\\src\\helpers\\httpStatusCodes.utils.ts": {"path":"D:\\code\\express-notes-api\\backend\\src\\helpers\\httpStatusCodes.utils.ts","statementMap":{"0":{"start":{"line":1,"column":0},"end":{"line":1,"column":null}},"1":{"start":{"line":2,"column":2},"end":{"line":2,"column":null}},"2":{"start":{"line":3,"column":2},"end":{"line":3,"column":null}},"3":{"start":{"line":4,"column":2},"end":{"line":4,"column":null}},"4":{"start":{"line":5,"column":2},"end":{"line":5,"column":null}},"5":{"start":{"line":6,"column":2},"end":{"line":6,"column":null}},"6":{"start":{"line":7,"column":2},"end":{"line":7,"column":null}},"7":{"start":{"line":8,"column":2},"end":{"line":8,"column":null}}},"fnMap":{"0":{"name":"(anonymous_0)","decl":{"start":{"line":1,"column":0},"end":{"line":1,"column":12}},"loc":{"start":{"line":1,"column":20},"end":{"line":9,"column":1}}}},"branchMap":{"0":{"loc":{"start":{"line":1,"column":12},"end":{"line":1,"column":null}},"type":"binary-expr","locations":[{"start":{"line":1,"column":12},"end":{"line":1,"column":20}},{"start":{"line":1,"column":20},"end":{"line":1,"column":null}}]}},"s":{"0":2,"1":2,"2":2,"3":2,"4":2,"5":2,"6":2,"7":2},"f":{"0":2},"b":{"0":[2,2]}}
,"D:\\code\\express-notes-api\\backend\\src\\helpers\\logger.utils.ts": {"path":"D:\\code\\express-notes-api\\backend\\src\\helpers\\logger.utils.ts","statementMap":{"0":{"start":{"line":1,"column":0},"end":{"line":1,"column":24}},"1":{"start":{"line":2,"column":0},"end":{"line":2,"column":26}},"2":{"start":{"line":4,"column":13},"end":{"line":12,"column":3}}},"fnMap":{},"branchMap":{},"s":{"0":2,"1":2,"2":2},"f":{},"b":{}}
,"D:\\code\\express-notes-api\\backend\\src\\helpers\\parseDates.utils.ts": {"path":"D:\\code\\express-notes-api\\backend\\src\\helpers\\parseDates.utils.ts","statementMap":{"0":{"start":{"line":1,"column":26},"end":{"line":14,"column":1}},"1":{"start":{"line":2,"column":20},"end":{"line":2,"column":56}},"2":{"start":{"line":3,"column":16},"end":{"line":3,"column":18}},"3":{"start":{"line":5,"column":18},"end":{"line":5,"column":41}},"4":{"start":{"line":6,"column":2},"end":{"line":11,"column":null}},"5":{"start":{"line":8,"column":34},"end":{"line":8,"column":39}},"6":{"start":{"line":9,"column":23},"end":{"line":9,"column":58}},"7":{"start":{"line":10,"column":4},"end":{"line":10,"column":41}},"8":{"start":{"line":13,"column":2},"end":{"line":13,"column":15}},"9":{"start":{"line":1,"column":13},"end":{"line":1,"column":26}}},"fnMap":{"0":{"name":"(anonymous_0)","decl":{"start":{"line":1,"column":26},"end":{"line":1,"column":27}},"loc":{"start":{"line":1,"column":42},"end":{"line":14,"column":1}}}},"branchMap":{},"s":{"0":2,"1":5,"2":5,"3":5,"4":5,"5":3,"6":3,"7":3,"8":5,"9":2},"f":{"0":5},"b":{}}
,"D:\\code\\express-notes-api\\backend\\src\\helpers\\validationError.utils.ts": {"path":"D:\\code\\express-notes-api\\backend\\src\\helpers\\validationError.utils.ts","statementMap":{"0":{"start":{"line":1,"column":0},"end":{"line":1,"column":44}},"1":{"start":{"line":17,"column":32},"end":{"line":17,"column":36}},"2":{"start":{"line":18,"column":4},"end":{"line":18,"column":16}},"3":{"start":{"line":20,"column":4},"end":{"line":20,"column":25}},"4":{"start":{"line":13,"column":0},"end":{"line":13,"column":13}}},"fnMap":{"0":{"name":"(anonymous_0)","decl":{"start":{"line":16,"column":2},"end":{"line":16,"column":14}},"loc":{"start":{"line":16,"column":39},"end":{"line":21,"column":3}}}},"branchMap":{},"s":{"0":2,"1":5,"2":5,"3":5,"4":2},"f":{"0":5},"b":{}}
,"D:\\code\\express-notes-api\\backend\\src\\middleware\\handleErrors.ts": {"path":"D:\\code\\express-notes-api\\backend\\src\\middleware\\handleErrors.ts","statementMap":{"0":{"start":{"line":3,"column":0},"end":{"line":3,"column":64}},"1":{"start":{"line":4,"column":0},"end":{"line":4,"column":56}},"2":{"start":{"line":6,"column":21},"end":{"line":17,"column":1}},"3":{"start":{"line":12,"column":2},"end":{"line":16,"column":null}},"4":{"start":{"line":13,"column":4},"end":{"line":13,"column":49}},"5":{"start":{"line":15,"column":4},"end":{"line":15,"column":39}},"6":{"start":{"line":19,"column":0},"end":{"line":19,"column":28}}},"fnMap":{"0":{"name":"(anonymous_1)","decl":{"start":{"line":6,"column":21},"end":{"line":6,"column":null}},"loc":{"start":{"line":11,"column":4},"end":{"line":17,"column":1}}}},"branchMap":{"0":{"loc":{"start":{"line":12,"column":2},"end":{"line":16,"column":null}},"type":"if","locations":[{"start":{"line":12,"column":2},"end":{"line":16,"column":null}},{"start":{"line":14,"column":9},"end":{"line":16,"column":null}}]}},"s":{"0":2,"1":2,"2":2,"3":11,"4":5,"5":6,"6":2},"f":{"0":11},"b":{"0":[5,6]}}
,"D:\\code\\express-notes-api\\backend\\src\\middleware\\handleNotFound.ts": {"path":"D:\\code\\express-notes-api\\backend\\src\\middleware\\handleNotFound.ts","statementMap":{"0":{"start":{"line":2,"column":0},"end":{"line":2,"column":57}},"1":{"start":{"line":3,"column":0},"end":{"line":3,"column":50}},"2":{"start":{"line":5,"column":23},"end":{"line":14,"column":1}},"3":{"start":{"line":6,"column":2},"end":{"line":6,"column":18}},"4":{"start":{"line":8,"column":16},"end":{"line":11,"column":4}},"5":{"start":{"line":13,"column":2},"end":{"line":13,"column":14}},"6":{"start":{"line":16,"column":0},"end":{"line":16,"column":30}}},"fnMap":{"0":{"name":"(anonymous_0)","decl":{"start":{"line":5,"column":23},"end":{"line":5,"column":24}},"loc":{"start":{"line":5,"column":75},"end":{"line":14,"column":1}}}},"branchMap":{},"s":{"0":2,"1":2,"2":2,"3":1,"4":1,"5":1,"6":2},"f":{"0":1},"b":{}}
,"D:\\code\\express-notes-api\\backend\\src\\middleware\\setCredentialsHeader.ts": {"path":"D:\\code\\express-notes-api\\backend\\src\\middleware\\setCredentialsHeader.ts","statementMap":{"0":{"start":{"line":2,"column":0},"end":{"line":2,"column":51}},"1":{"start":{"line":4,"column":29},"end":{"line":16,"column":1}},"2":{"start":{"line":9,"column":17},"end":{"line":9,"column":35}},"3":{"start":{"line":11,"column":2},"end":{"line":13,"column":null}},"4":{"start":{"line":12,"column":4},"end":{"line":12,"column":62}},"5":{"start":{"line":15,"column":2},"end":{"line":15,"column":9}},"6":{"start":{"line":18,"column":0},"end":{"line":18,"column":36}}},"fnMap":{"0":{"name":"(anonymous_1)","decl":{"start":{"line":4,"column":29},"end":{"line":4,"column":null}},"loc":{"start":{"line":8,"column":10},"end":{"line":16,"column":1}}}},"branchMap":{"0":{"loc":{"start":{"line":11,"column":2},"end":{"line":13,"column":null}},"type":"if","locations":[{"start":{"line":11,"column":2},"end":{"line":13,"column":null}}]},"1":{"loc":{"start":{"line":11,"column":6},"end":{"line":11,"column":47}},"type":"binary-expr","locations":[{"start":{"line":11,"column":6},"end":{"line":11,"column":12}},{"start":{"line":11,"column":16},"end":{"line":11,"column":47}}]}},"s":{"0":2,"1":2,"2":21,"3":21,"4":0,"5":21,"6":2},"f":{"0":21},"b":{"0":[0],"1":[21,0]}}
,"D:\\code\\express-notes-api\\backend\\src\\repositories\\noteRepository.ts": {"path":"D:\\code\\express-notes-api\\backend\\src\\repositories\\noteRepository.ts","statementMap":{"0":{"start":{"line":1,"column":0},"end":{"line":1,"column":24}},"1":{"start":{"line":4,"column":0},"end":{"line":4,"column":58}},"2":{"start":{"line":5,"column":0},"end":{"line":5,"column":48}},"3":{"start":{"line":11,"column":4},"end":{"line":11,"column":25}},"4":{"start":{"line":15,"column":4},"end":{"line":15,"column":51}},"5":{"start":{"line":19,"column":4},"end":{"line":19,"column":46}},"6":{"start":{"line":23,"column":4},"end":{"line":23,"column":77}},"7":{"start":{"line":23,"column":60},"end":{"line":23,"column":74}},"8":{"start":{"line":27,"column":26},"end":{"line":27,"column":76}},"9":{"start":{"line":27,"column":61},"end":{"line":27,"column":75}},"10":{"start":{"line":28,"column":4},"end":{"line":28,"column":36}},"11":{"start":{"line":32,"column":25},"end":{"line":38,"column":6}},"12":{"start":{"line":33,"column":6},"end":{"line":37,"column":null}},"13":{"start":{"line":34,"column":8},"end":{"line":34,"column":20}},"14":{"start":{"line":36,"column":8},"end":{"line":36,"column":36}},"15":{"start":{"line":39,"column":4},"end":{"line":39,"column":35}},"16":{"start":{"line":43,"column":17},"end":{"line":52,"column":1}},"17":{"start":{"line":44,"column":2},"end":{"line":51,"column":null}},"18":{"start":{"line":45,"column":4},"end":{"line":45,"column":26}},"19":{"start":{"line":47,"column":26},"end":{"line":47,"column":73}},"20":{"start":{"line":48,"column":19},"end":{"line":48,"column":46}},"21":{"start":{"line":49,"column":4},"end":{"line":49,"column":41}},"22":{"start":{"line":50,"column":4},"end":{"line":50,"column":18}},"23":{"start":{"line":54,"column":13},"end":{"line":54,"column":29}},"24":{"start":{"line":55,"column":23},"end":{"line":55,"column":45}},"25":{"start":{"line":57,"column":0},"end":{"line":57,"column":30}}},"fnMap":{"0":{"name":"(anonymous_1)","decl":{"start":{"line":10,"column":2},"end":{"line":10,"column":14}},"loc":{"start":{"line":10,"column":28},"end":{"line":12,"column":3}}},"1":{"name":"(anonymous_2)","decl":{"start":{"line":14,"column":9},"end":{"line":14,"column":14}},"loc":{"start":{"line":14,"column":32},"end":{"line":16,"column":3}}},"2":{"name":"(anonymous_3)","decl":{"start":{"line":18,"column":9},"end":{"line":18,"column":14}},"loc":{"start":{"line":18,"column":22},"end":{"line":20,"column":3}}},"3":{"name":"(anonymous_4)","decl":{"start":{"line":22,"column":9},"end":{"line":22,"column":14}},"loc":{"start":{"line":22,"column":34},"end":{"line":24,"column":3}}},"4":{"name":"(anonymous_5)","decl":{"start":{"line":23,"column":50},"end":{"line":23,"column":51}},"loc":{"start":{"line":23,"column":60},"end":{"line":23,"column":74}}},"5":{"name":"(anonymous_6)","decl":{"start":{"line":26,"column":9},"end":{"line":26,"column":14}},"loc":{"start":{"line":26,"column":35},"end":{"line":29,"column":3}}},"6":{"name":"(anonymous_7)","decl":{"start":{"line":27,"column":51},"end":{"line":27,"column":52}},"loc":{"start":{"line":27,"column":61},"end":{"line":27,"column":75}}},"7":{"name":"(anonymous_8)","decl":{"start":{"line":31,"column":9},"end":{"line":31,"column":14}},"loc":{"start":{"line":31,"column":56},"end":{"line":40,"column":3}}},"8":{"name":"(anonymous_9)","decl":{"start":{"line":32,"column":47},"end":{"line":32,"column":48}},"loc":{"start":{"line":32,"column":56},"end":{"line":38,"column":5}}},"9":{"name":"(anonymous_10)","decl":{"start":{"line":43,"column":17},"end":{"line":43,"column":20}},"loc":{"start":{"line":43,"column":22},"end":{"line":52,"column":1}}}},"branchMap":{"0":{"loc":{"start":{"line":33,"column":6},"end":{"line":37,"column":null}},"type":"if","locations":[{"start":{"line":33,"column":6},"end":{"line":37,"column":null}},{"start":{"line":35,"column":13},"end":{"line":37,"column":null}}]},"1":{"loc":{"start":{"line":44,"column":2},"end":{"line":51,"column":null}},"type":"if","locations":[{"start":{"line":44,"column":2},"end":{"line":51,"column":null}},{"start":{"line":46,"column":9},"end":{"line":51,"column":null}}]}},"s":{"0":2,"1":2,"2":2,"3":2,"4":3,"5":3,"6":9,"7":29,"8":0,"9":0,"10":0,"11":3,"12":18,"13":15,"14":3,"15":3,"16":2,"17":2,"18":2,"19":0,"20":0,"21":0,"22":0,"23":2,"24":2,"25":2},"f":{"0":2,"1":3,"2":3,"3":9,"4":29,"5":0,"6":0,"7":3,"8":18,"9":2},"b":{"0":[15,3],"1":[2,0]}}
,"D:\\code\\express-notes-api\\backend\\src\\routes\\index.ts": {"path":"D:\\code\\express-notes-api\\backend\\src\\routes\\index.ts","statementMap":{"0":{"start":{"line":1,"column":0},"end":{"line":1,"column":30}},"1":{"start":{"line":2,"column":0},"end":{"line":2,"column":40}},"2":{"start":{"line":4,"column":18},"end":{"line":4,"column":34}},"3":{"start":{"line":6,"column":0},"end":{"line":6,"column":37}},"4":{"start":{"line":8,"column":0},"end":{"line":8,"column":25}}},"fnMap":{},"branchMap":{},"s":{"0":2,"1":2,"2":2,"3":2,"4":2},"f":{},"b":{}}
,"D:\\code\\express-notes-api\\backend\\src\\routes\\notesRouter.ts": {"path":"D:\\code\\express-notes-api\\backend\\src\\routes\\notesRouter.ts","statementMap":{"0":{"start":{"line":1,"column":0},"end":{"line":1,"column":30}},"1":{"start":{"line":2,"column":0},"end":{"line":2,"column":63}},"2":{"start":{"line":4,"column":15},"end":{"line":4,"column":31}},"3":{"start":{"line":6,"column":0},"end":{"line":9,"column":47}},"4":{"start":{"line":11,"column":0},"end":{"line":11,"column":64}},"5":{"start":{"line":13,"column":0},"end":{"line":17,"column":49}},"6":{"start":{"line":19,"column":0},"end":{"line":19,"column":22}}},"fnMap":{},"branchMap":{},"s":{"0":2,"1":2,"2":2,"3":2,"4":2,"5":2,"6":2},"f":{},"b":{}}
,"D:\\code\\express-notes-api\\backend\\src\\schemas\\notes.schema.ts": {"path":"D:\\code\\express-notes-api\\backend\\src\\schemas\\notes.schema.ts","statementMap":{"0":{"start":{"line":1,"column":0},"end":{"line":1,"column":33}},"1":{"start":{"line":3,"column":13},"end":{"line":32,"column":3}},"2":{"start":{"line":22,"column":6},"end":{"line":22,"column":45}},"3":{"start":{"line":34,"column":13},"end":{"line":38,"column":3}},"4":{"start":{"line":40,"column":13},"end":{"line":40,"column":46}},"5":{"start":{"line":41,"column":13},"end":{"line":41,"column":65}},"6":{"start":{"line":43,"column":13},"end":{"line":47,"column":13}}},"fnMap":{"0":{"name":"(anonymous_0)","decl":{"start":{"line":21,"column":14},"end":{"line":21,"column":15}},"loc":{"start":{"line":21,"column":29},"end":{"line":23,"column":5}}}},"branchMap":{},"s":{"0":2,"1":2,"2":2,"3":2,"4":2,"5":2,"6":2},"f":{"0":2},"b":{}}
,"D:\\code\\express-notes-api\\backend\\src\\services\\errorHandlerService.ts": {"path":"D:\\code\\express-notes-api\\backend\\src\\services\\errorHandlerService.ts","statementMap":{"0":{"start":{"line":3,"column":0},"end":{"line":3,"column":57}},"1":{"start":{"line":4,"column":0},"end":{"line":4,"column":50}},"2":{"start":{"line":6,"column":0},"end":{"line":6,"column":46}},"3":{"start":{"line":12,"column":4},"end":{"line":12,"column":25}},"4":{"start":{"line":16,"column":4},"end":{"line":16,"column":56}},"5":{"start":{"line":20,"column":4},"end":{"line":23,"column":7}},"6":{"start":{"line":27,"column":4},"end":{"line":31,"column":null}},"7":{"start":{"line":28,"column":6},"end":{"line":28,"column":59}},"8":{"start":{"line":30,"column":6},"end":{"line":30,"column":48}},"9":{"start":{"line":35,"column":4},"end":{"line":35,"column":60}},"10":{"start":{"line":39,"column":4},"end":{"line":43,"column":null}},"11":{"start":{"line":40,"column":6},"end":{"line":42,"column":52}},"12":{"start":{"line":45,"column":4},"end":{"line":45,"column":27}},"13":{"start":{"line":46,"column":4},"end":{"line":46,"column":20}},"14":{"start":{"line":50,"column":21},"end":{"line":50,"column":45}},"15":{"start":{"line":52,"column":0},"end":{"line":52,"column":28}}},"fnMap":{"0":{"name":"(anonymous_0)","decl":{"start":{"line":11,"column":2},"end":{"line":11,"column":14}},"loc":{"start":{"line":11,"column":28},"end":{"line":13,"column":3}}},"1":{"name":"(anonymous_1)","decl":{"start":{"line":15,"column":10},"end":{"line":15,"column":24}},"loc":{"start":{"line":15,"column":35},"end":{"line":17,"column":3}}},"2":{"name":"(anonymous_2)","decl":{"start":{"line":19,"column":9},"end":{"line":19,"column":30}},"loc":{"start":{"line":19,"column":68},"end":{"line":24,"column":3}}},"3":{"name":"(anonymous_3)","decl":{"start":{"line":26,"column":9},"end":{"line":26,"column":20}},"loc":{"start":{"line":26,"column":65},"end":{"line":32,"column":3}}},"4":{"name":"(anonymous_4)","decl":{"start":{"line":34,"column":10},"end":{"line":34,"column":28}},"loc":{"start":{"line":34,"column":57},"end":{"line":36,"column":3}}},"5":{"name":"(anonymous_5)","decl":{"start":{"line":38,"column":10},"end":{"line":38,"column":29}},"loc":{"start":{"line":38,"column":67},"end":{"line":47,"column":3}}}},"branchMap":{"0":{"loc":{"start":{"line":16,"column":11},"end":{"line":16,"column":55}},"type":"binary-expr","locations":[{"start":{"line":16,"column":11},"end":{"line":16,"column":34}},{"start":{"line":16,"column":38},"end":{"line":16,"column":55}}]},"1":{"loc":{"start":{"line":27,"column":4},"end":{"line":31,"column":null}},"type":"if","locations":[{"start":{"line":27,"column":4},"end":{"line":31,"column":null}},{"start":{"line":29,"column":11},"end":{"line":31,"column":null}}]},"2":{"loc":{"start":{"line":27,"column":8},"end":{"line":27,"column":46}},"type":"binary-expr","locations":[{"start":{"line":27,"column":8},"end":{"line":27,"column":34}},{"start":{"line":27,"column":38},"end":{"line":27,"column":46}}]},"3":{"loc":{"start":{"line":39,"column":4},"end":{"line":43,"column":null}},"type":"if","locations":[{"start":{"line":39,"column":4},"end":{"line":43,"column":null}}]}},"s":{"0":2,"1":2,"2":2,"3":2,"4":6,"5":5,"6":6,"7":6,"8":0,"9":6,"10":0,"11":0,"12":0,"13":0,"14":2,"15":2},"f":{"0":2,"1":6,"2":5,"3":6,"4":6,"5":0},"b":{"0":[6,6],"1":[6,0],"2":[6,6],"3":[0]}}
,"D:\\code\\express-notes-api\\backend\\src\\services\\noteService.ts": {"path":"D:\\code\\express-notes-api\\backend\\src\\services\\noteService.ts","statementMap":{"0":{"start":{"line":1,"column":0},"end":{"line":1,"column":36}},"1":{"start":{"line":2,"column":0},"end":{"line":2,"column":57}},"2":{"start":{"line":3,"column":0},"end":{"line":3,"column":54}},"3":{"start":{"line":10,"column":0},"end":{"line":10,"column":50}},"4":{"start":{"line":11,"column":0},"end":{"line":11,"column":57}},"5":{"start":{"line":16,"column":19},"end":{"line":16,"column":27}},"6":{"start":{"line":17,"column":20},"end":{"line":17,"column":44}},"7":{"start":{"line":18,"column":26},"end":{"line":18,"column":76}},"8":{"start":{"line":20,"column":29},"end":{"line":20,"column":54}},"9":{"start":{"line":21,"column":4},"end":{"line":23,"column":null}},"10":{"start":{"line":22,"column":6},"end":{"line":22,"column":39}},"11":{"start":{"line":25,"column":4},"end":{"line":25,"column":41}},"12":{"start":{"line":27,"column":4},"end":{"line":27,"column":19}},"13":{"start":{"line":30,"column":22},"end":{"line":30,"column":52}},"14":{"start":{"line":32,"column":4},"end":{"line":37,"column":null}},"15":{"start":{"line":33,"column":6},"end":{"line":36,"column":9}},"16":{"start":{"line":39,"column":4},"end":{"line":39,"column":21}},"17":{"start":{"line":42,"column":17},"end":{"line":42,"column":50}},"18":{"start":{"line":44,"column":4},"end":{"line":49,"column":null}},"19":{"start":{"line":45,"column":6},"end":{"line":48,"column":9}},"20":{"start":{"line":51,"column":4},"end":{"line":51,"column":16}},"21":{"start":{"line":54,"column":17},"end":{"line":54,"column":50}},"22":{"start":{"line":56,"column":4},"end":{"line":61,"column":null}},"23":{"start":{"line":57,"column":6},"end":{"line":60,"column":9}},"24":{"start":{"line":63,"column":44},"end":{"line":63,"column":49}},"25":{"start":{"line":64,"column":37},"end":{"line":64,"column":75}},"26":{"start":{"line":66,"column":4},"end":{"line":72,"column":null}},"27":{"start":{"line":67,"column":6},"end":{"line":71,"column":9}},"28":{"start":{"line":74,"column":16},"end":{"line":74,"column":20}},"29":{"start":{"line":75,"column":4},"end":{"line":77,"column":null}},"30":{"start":{"line":76,"column":6},"end":{"line":76,"column":40}},"31":{"start":{"line":78,"column":27},"end":{"line":78,"column":62}},"32":{"start":{"line":80,"column":4},"end":{"line":80,"column":55}},"33":{"start":{"line":84,"column":17},"end":{"line":84,"column":50}},"34":{"start":{"line":86,"column":4},"end":{"line":91,"column":null}},"35":{"start":{"line":87,"column":6},"end":{"line":90,"column":9}},"36":{"start":{"line":93,"column":4},"end":{"line":93,"column":39}},"37":{"start":{"line":97,"column":22},"end":{"line":97,"column":52}},"38":{"start":{"line":99,"column":4},"end":{"line":104,"column":null}},"39":{"start":{"line":100,"column":6},"end":{"line":103,"column":9}},"40":{"start":{"line":106,"column":25},"end":{"line":106,"column":27}},"41":{"start":{"line":108,"column":4},"end":{"line":117,"column":null}},"42":{"start":{"line":109,"column":23},"end":{"line":109,"column":36}},"43":{"start":{"line":110,"column":21},"end":{"line":110,"column":58}},"44":{"start":{"line":112,"column":6},"end":{"line":114,"column":null}},"45":{"start":{"line":113,"column":8},"end":{"line":113,"column":53}},"46":{"start":{"line":116,"column":6},"end":{"line":116,"column":32}},"47":{"start":{"line":119,"column":4},"end":{"line":119,"column":17}},"48":{"start":{"line":123,"column":20},"end":{"line":123,"column":37}},"49":{"start":{"line":125,"column":0},"end":{"line":125,"column":27}}},"fnMap":{"0":{"name":"(anonymous_1)","decl":{"start":{"line":15,"column":2},"end":{"line":15,"column":7}},"loc":{"start":{"line":15,"column":41},"end":{"line":28,"column":3}}},"1":{"name":"(anonymous_2)","decl":{"start":{"line":29,"column":2},"end":{"line":29,"column":7}},"loc":{"start":{"line":29,"column":19},"end":{"line":40,"column":3}}},"2":{"name":"(anonymous_3)","decl":{"start":{"line":41,"column":2},"end":{"line":41,"column":7}},"loc":{"start":{"line":41,"column":30},"end":{"line":52,"column":3}}},"3":{"name":"(anonymous_4)","decl":{"start":{"line":53,"column":2},"end":{"line":53,"column":7}},"loc":{"start":{"line":53,"column":53},"end":{"line":81,"column":3}}},"4":{"name":"(anonymous_5)","decl":{"start":{"line":83,"column":2},"end":{"line":83,"column":7}},"loc":{"start":{"line":83,"column":29},"end":{"line":94,"column":3}}},"5":{"name":"(anonymous_6)","decl":{"start":{"line":96,"column":2},"end":{"line":96,"column":7}},"loc":{"start":{"line":96,"column":16},"end":{"line":120,"column":3}}}},"branchMap":{"0":{"loc":{"start":{"line":21,"column":4},"end":{"line":23,"column":null}},"type":"if","locations":[{"start":{"line":21,"column":4},"end":{"line":23,"column":null}}]},"1":{"loc":{"start":{"line":32,"column":4},"end":{"line":37,"column":null}},"type":"if","locations":[{"start":{"line":32,"column":4},"end":{"line":37,"column":null}}]},"2":{"loc":{"start":{"line":44,"column":4},"end":{"line":49,"column":null}},"type":"if","locations":[{"start":{"line":44,"column":4},"end":{"line":49,"column":null}}]},"3":{"loc":{"start":{"line":56,"column":4},"end":{"line":61,"column":null}},"type":"if","locations":[{"start":{"line":56,"column":4},"end":{"line":61,"column":null}}]},"4":{"loc":{"start":{"line":66,"column":4},"end":{"line":72,"column":null}},"type":"if","locations":[{"start":{"line":66,"column":4},"end":{"line":72,"column":null}}]},"5":{"loc":{"start":{"line":66,"column":8},"end":{"line":66,"column":49}},"type":"binary-expr","locations":[{"start":{"line":66,"column":8},"end":{"line":66,"column":21}},{"start":{"line":66,"column":25},"end":{"line":66,"column":49}}]},"6":{"loc":{"start":{"line":75,"column":4},"end":{"line":77,"column":null}},"type":"if","locations":[{"start":{"line":75,"column":4},"end":{"line":77,"column":null}}]},"7":{"loc":{"start":{"line":78,"column":27},"end":{"line":78,"column":62}},"type":"cond-expr","locations":[{"start":{"line":78,"column":35},"end":{"line":78,"column":54}},{"start":{"line":78,"column":57},"end":{"line":78,"column":62}}]},"8":{"loc":{"start":{"line":86,"column":4},"end":{"line":91,"column":null}},"type":"if","locations":[{"start":{"line":86,"column":4},"end":{"line":91,"column":null}}]},"9":{"loc":{"start":{"line":99,"column":4},"end":{"line":104,"column":null}},"type":"if","locations":[{"start":{"line":99,"column":4},"end":{"line":104,"column":null}}]},"10":{"loc":{"start":{"line":110,"column":21},"end":{"line":110,"column":58}},"type":"cond-expr","locations":[{"start":{"line":110,"column":37},"end":{"line":110,"column":47}},{"start":{"line":110,"column":50},"end":{"line":110,"column":58}}]},"11":{"loc":{"start":{"line":112,"column":6},"end":{"line":114,"column":null}},"type":"if","locations":[{"start":{"line":112,"column":6},"end":{"line":114,"column":null}}]}},"s":{"0":2,"1":2,"2":2,"3":2,"4":2,"5":3,"6":3,"7":3,"8":3,"9":3,"10":1,"11":3,"12":3,"13":2,"14":2,"15":1,"16":1,"17":3,"18":3,"19":1,"20":2,"21":5,"22":5,"23":1,"24":4,"25":4,"26":4,"27":1,"28":3,"29":3,"30":2,"31":3,"32":3,"33":1,"34":1,"35":1,"36":0,"37":1,"38":1,"39":0,"40":1,"41":1,"42":3,"43":3,"44":3,"45":3,"46":3,"47":1,"48":2,"49":2},"f":{"0":3,"1":2,"2":3,"3":5,"4":1,"5":1},"b":{"0":[1],"1":[1],"2":[1],"3":[1],"4":[1],"5":[4,2],"6":[2],"7":[2,1],"8":[1],"9":[0],"10":[2,1],"11":[3]}}
,"D:\\code\\express-notes-api\\backend\\src\\services\\routesHandlerService.ts": {"path":"D:\\code\\express-notes-api\\backend\\src\\services\\routesHandlerService.ts","statementMap":{"0":{"start":{"line":2,"column":0},"end":{"line":2,"column":47}},"1":{"start":{"line":3,"column":0},"end":{"line":3,"column":40}},"2":{"start":{"line":4,"column":0},"end":{"line":4,"column":null}},"3":{"start":{"line":13,"column":39},"end":{"line":31,"column":1}},"4":{"start":{"line":18,"column":2},"end":{"line":30,"column":null}},"5":{"start":{"line":19,"column":26},"end":{"line":19,"column":79}},"6":{"start":{"line":21,"column":4},"end":{"line":24,"column":null}},"7":{"start":{"line":22,"column":6},"end":{"line":22,"column":32}},"8":{"start":{"line":23,"column":6},"end":{"line":23,"column":13}},"9":{"start":{"line":26,"column":20},"end":{"line":26,"column":68}},"10":{"start":{"line":27,"column":4},"end":{"line":27,"column":41}},"11":{"start":{"line":29,"column":4},"end":{"line":29,"column":16}},"12":{"start":{"line":13,"column":13},"end":{"line":13,"column":39}},"13":{"start":{"line":33,"column":39},"end":{"line":62,"column":1}},"14":{"start":{"line":38,"column":2},"end":{"line":61,"column":null}},"15":{"start":{"line":39,"column":28},"end":{"line":41,"column":null}},"16":{"start":{"line":44,"column":4},"end":{"line":47,"column":null}},"17":{"start":{"line":45,"column":6},"end":{"line":45,"column":34}},"18":{"start":{"line":46,"column":6},"end":{"line":46,"column":13}},"19":{"start":{"line":49,"column":26},"end":{"line":49,"column":79}},"20":{"start":{"line":51,"column":4},"end":{"line":54,"column":null}},"21":{"start":{"line":52,"column":6},"end":{"line":52,"column":32}},"22":{"start":{"line":53,"column":6},"end":{"line":53,"column":13}},"23":{"start":{"line":56,"column":4},"end":{"line":56,"column":78}},"24":{"start":{"line":58,"column":4},"end":{"line":58,"column":49}},"25":{"start":{"line":60,"column":4},"end":{"line":60,"column":16}},"26":{"start":{"line":33,"column":13},"end":{"line":33,"column":39}},"27":{"start":{"line":64,"column":39},"end":{"line":86,"column":1}},"28":{"start":{"line":69,"column":2},"end":{"line":85,"column":null}},"29":{"start":{"line":70,"column":28},"end":{"line":72,"column":null}},"30":{"start":{"line":75,"column":4},"end":{"line":78,"column":null}},"31":{"start":{"line":76,"column":6},"end":{"line":76,"column":34}},"32":{"start":{"line":77,"column":6},"end":{"line":77,"column":13}},"33":{"start":{"line":80,"column":4},"end":{"line":80,"column":58}},"34":{"start":{"line":82,"column":4},"end":{"line":82,"column":49}},"35":{"start":{"line":84,"column":4},"end":{"line":84,"column":16}},"36":{"start":{"line":64,"column":13},"end":{"line":64,"column":39}},"37":{"start":{"line":88,"column":39},"end":{"line":110,"column":1}},"38":{"start":{"line":93,"column":2},"end":{"line":109,"column":null}},"39":{"start":{"line":94,"column":28},"end":{"line":96,"column":null}},"40":{"start":{"line":99,"column":4},"end":{"line":102,"column":null}},"41":{"start":{"line":100,"column":6},"end":{"line":100,"column":34}},"42":{"start":{"line":101,"column":6},"end":{"line":101,"column":13}},"43":{"start":{"line":104,"column":17},"end":{"line":104,"column":71}},"44":{"start":{"line":106,"column":4},"end":{"line":106,"column":31}},"45":{"start":{"line":108,"column":4},"end":{"line":108,"column":16}},"46":{"start":{"line":88,"column":13},"end":{"line":88,"column":39}},"47":{"start":{"line":112,"column":40},"end":{"line":123,"column":1}},"48":{"start":{"line":117,"column":2},"end":{"line":122,"column":null}},"49":{"start":{"line":118,"column":18},"end":{"line":118,"column":49}},"50":{"start":{"line":119,"column":4},"end":{"line":119,"column":64}},"51":{"start":{"line":121,"column":4},"end":{"line":121,"column":16}},"52":{"start":{"line":112,"column":13},"end":{"line":112,"column":40}},"53":{"start":{"line":125,"column":37},"end":{"line":137,"column":1}},"54":{"start":{"line":130,"column":2},"end":{"line":136,"column":null}},"55":{"start":{"line":131,"column":18},"end":{"line":131,"column":46}},"56":{"start":{"line":133,"column":4},"end":{"line":133,"column":36}},"57":{"start":{"line":135,"column":4},"end":{"line":135,"column":16}},"58":{"start":{"line":125,"column":13},"end":{"line":125,"column":37}}},"fnMap":{"0":{"name":"(anonymous_1)","decl":{"start":{"line":13,"column":39},"end":{"line":13,"column":44}},"loc":{"start":{"line":17,"column":4},"end":{"line":31,"column":1}}},"1":{"name":"(anonymous_2)","decl":{"start":{"line":33,"column":39},"end":{"line":33,"column":44}},"loc":{"start":{"line":37,"column":4},"end":{"line":62,"column":1}}},"2":{"name":"(anonymous_3)","decl":{"start":{"line":64,"column":39},"end":{"line":64,"column":44}},"loc":{"start":{"line":68,"column":4},"end":{"line":86,"column":1}}},"3":{"name":"(anonymous_4)","decl":{"start":{"line":88,"column":39},"end":{"line":88,"column":44}},"loc":{"start":{"line":92,"column":4},"end":{"line":110,"column":1}}},"4":{"name":"(anonymous_5)","decl":{"start":{"line":112,"column":40},"end":{"line":112,"column":45}},"loc":{"start":{"line":116,"column":4},"end":{"line":123,"column":1}}},"5":{"name":"(anonymous_6)","decl":{"start":{"line":125,"column":37},"end":{"line":125,"column":42}},"loc":{"start":{"line":129,"column":4},"end":{"line":137,"column":1}}}},"branchMap":{"0":{"loc":{"start":{"line":21,"column":4},"end":{"line":24,"column":null}},"type":"if","locations":[{"start":{"line":21,"column":4},"end":{"line":24,"column":null}}]},"1":{"loc":{"start":{"line":44,"column":4},"end":{"line":47,"column":null}},"type":"if","locations":[{"start":{"line":44,"column":4},"end":{"line":47,"column":null}}]},"2":{"loc":{"start":{"line":51,"column":4},"end":{"line":54,"column":null}},"type":"if","locations":[{"start":{"line":51,"column":4},"end":{"line":54,"column":null}}]},"3":{"loc":{"start":{"line":75,"column":4},"end":{"line":78,"column":null}},"type":"if","locations":[{"start":{"line":75,"column":4},"end":{"line":78,"column":null}}]},"4":{"loc":{"start":{"line":99,"column":4},"end":{"line":102,"column":null}},"type":"if","locations":[{"start":{"line":99,"column":4},"end":{"line":102,"column":null}}]}},"s":{"0":2,"1":2,"2":2,"3":2,"4":4,"5":4,"6":4,"7":1,"8":1,"9":3,"10":3,"11":0,"12":2,"13":2,"14":7,"15":7,"16":7,"17":1,"18":1,"19":6,"20":6,"21":1,"22":1,"23":5,"24":3,"25":2,"26":2,"27":2,"28":2,"29":2,"30":2,"31":1,"32":1,"33":1,"34":0,"35":1,"36":2,"37":2,"38":4,"39":4,"40":4,"41":1,"42":1,"43":3,"44":2,"45":1,"46":2,"47":2,"48":2,"49":2,"50":1,"51":1,"52":2,"53":2,"54":1,"55":1,"56":1,"57":0,"58":2},"f":{"0":4,"1":7,"2":2,"3":4,"4":2,"5":1},"b":{"0":[1],"1":[1],"2":[1],"3":[1],"4":[1]}}
,"D:\\code\\express-notes-api\\backend\\src\\services\\validationService.ts": {"path":"D:\\code\\express-notes-api\\backend\\src\\services\\validationService.ts","statementMap":{"0":{"start":{"line":2,"column":0},"end":{"line":2,"column":57}},"1":{"start":{"line":3,"column":0},"end":{"line":3,"column":64}},"2":{"start":{"line":5,"column":24},"end":{"line":28,"column":1}},"3":{"start":{"line":9,"column":17},"end":{"line":9,"column":49}},"4":{"start":{"line":11,"column":2},"end":{"line":27,"column":null}},"5":{"start":{"line":12,"column":4},"end":{"line":12,"column":57}},"6":{"start":{"line":14,"column":19},"end":{"line":17,"column":null}},"7":{"start":{"line":15,"column":6},"end":{"line":17,"column":36}},"8":{"start":{"line":19,"column":28},"end":{"line":24,"column":6}},"9":{"start":{"line":26,"column":4},"end":{"line":26,"column":55}},"10":{"start":{"line":5,"column":13},"end":{"line":5,"column":24}}},"fnMap":{"0":{"name":"(anonymous_0)","decl":{"start":{"line":5,"column":24},"end":{"line":5,"column":null}},"loc":{"start":{"line":8,"column":25},"end":{"line":28,"column":1}}},"1":{"name":"(anonymous_1)","decl":{"start":{"line":14,"column":43},"end":{"line":14,"column":44}},"loc":{"start":{"line":15,"column":6},"end":{"line":17,"column":36}}}},"branchMap":{"0":{"loc":{"start":{"line":11,"column":2},"end":{"line":27,"column":null}},"type":"if","locations":[{"start":{"line":11,"column":2},"end":{"line":27,"column":null}},{"start":{"line":13,"column":9},"end":{"line":27,"column":null}}]},"1":{"loc":{"start":{"line":15,"column":6},"end":{"line":17,"column":36}},"type":"cond-expr","locations":[{"start":{"line":16,"column":10},"end":{"line":16,"column":66}},{"start":{"line":17,"column":10},"end":{"line":17,"column":36}}]}},"s":{"0":2,"1":2,"2":2,"3":23,"4":23,"5":18,"6":5,"7":9,"8":5,"9":5,"10":2},"f":{"0":23,"1":9},"b":{"0":[18,5],"1":[7,2]}}
}
