TN:
SF:src\app.ts
FNF:0
FNH:0
DA:1,2
DA:2,2
DA:3,2
DA:4,2
DA:5,2
DA:6,2
DA:7,2
DA:9,2
DA:11,2
DA:12,2
DA:13,2
DA:15,2
DA:17,2
DA:18,2
DA:20,2
LF:15
LH:15
BRF:0
BRH:0
end_of_record
TN:
SF:src\__tests__\notes.fixture.ts
FNF:0
FNH:0
DA:1,1
DA:3,1
DA:4,1
DA:5,1
DA:7,1
DA:8,1
DA:10,1
DA:19,1
DA:25,1
DA:31,1
DA:37,1
DA:39,1
DA:45,1
DA:53,1
DA:60,1
DA:67,1
LF:16
LH:16
BRF:0
BRH:0
end_of_record
TN:
SF:src\config\allowedOrigins.ts
FNF:0
FNH:0
DA:1,2
DA:3,2
LF:2
LH:2
BRF:0
BRH:0
end_of_record
TN:
SF:src\config\corsOptions.ts
FNF:0
FNH:0
DA:1,2
DA:3,2
DA:9,2
LF:3
LH:3
BRF:0
BRH:0
end_of_record
TN:
SF:src\data\noteDB.ts
FN:10,(anonymous_1)
FN:41,(anonymous_2)
FN:57,(anonymous_3)
FN:60,(anonymous_4)
FNF:4
FNH:0
FNDA:0,(anonymous_1)
FNDA:0,(anonymous_2)
FNDA:0,(anonymous_3)
FNDA:0,(anonymous_4)
DA:1,2
DA:2,2
DA:3,2
DA:5,2
DA:6,2
DA:10,2
DA:11,0
DA:12,0
DA:13,0
DA:15,0
DA:16,0
DA:23,0
DA:24,0
DA:31,0
DA:34,0
DA:41,2
DA:42,0
DA:43,0
DA:44,0
DA:45,0
DA:51,0
DA:53,0
DA:57,2
DA:58,0
DA:61,0
DA:62,0
DA:66,0
LF:27
LH:8
BRDA:11,0,0,0
BRDA:15,1,0,0
BRDA:23,2,0,0
BRDA:44,3,0,0
BRF:4
BRH:0
end_of_record
TN:
SF:src\data\noteDB_TEST.ts
FN:4,(anonymous_0)
FN:7,(anonymous_1)
FNF:2
FNH:2
FNDA:2,(anonymous_0)
FNDA:7,(anonymous_1)
DA:4,2
DA:5,2
DA:8,7
LF:3
LH:3
BRF:0
BRH:0
end_of_record
TN:
SF:src\helpers\appError.utils.ts
FN:15,(anonymous_0)
FNF:1
FNH:1
FNDA:11,(anonymous_0)
DA:10,2
DA:13,11
DA:16,11
DA:17,11
DA:19,0
DA:22,11
DA:23,11
DA:24,11
DA:26,11
DA:27,0
DA:30,11
LF:11
LH:9
BRDA:16,0,0,11
BRDA:16,0,1,0
BRDA:23,1,0,11
BRDA:23,1,1,6
BRDA:26,2,0,0
BRF:5
BRH:3
end_of_record
TN:
SF:src\helpers\httpStatusCodes.utils.ts
FN:1,(anonymous_0)
FNF:1
FNH:1
FNDA:2,(anonymous_0)
DA:1,2
DA:2,2
DA:3,2
DA:4,2
DA:5,2
DA:6,2
DA:7,2
DA:8,2
LF:8
LH:8
BRDA:1,0,0,2
BRDA:1,0,1,2
BRF:2
BRH:2
end_of_record
TN:
SF:src\helpers\logger.utils.ts
FNF:0
FNH:0
DA:1,2
DA:2,2
DA:4,2
LF:3
LH:3
BRF:0
BRH:0
end_of_record
TN:
SF:src\helpers\parseDates.utils.ts
FN:1,(anonymous_0)
FNF:1
FNH:1
FNDA:5,(anonymous_0)
DA:1,2
DA:2,5
DA:3,5
DA:5,5
DA:6,5
DA:8,3
DA:9,3
DA:10,3
DA:13,5
LF:9
LH:9
BRF:0
BRH:0
end_of_record
TN:
SF:src\helpers\validationError.utils.ts
FN:16,(anonymous_0)
FNF:1
FNH:1
FNDA:5,(anonymous_0)
DA:1,2
DA:13,2
DA:17,5
DA:18,5
DA:20,5
LF:5
LH:5
BRF:0
BRH:0
end_of_record
TN:
SF:src\middleware\handleErrors.ts
FN:6,(anonymous_1)
FNF:1
FNH:1
FNDA:11,(anonymous_1)
DA:3,2
DA:4,2
DA:6,2
DA:12,11
DA:13,5
DA:15,6
DA:19,2
LF:7
LH:7
BRDA:12,0,0,5
BRDA:12,0,1,6
BRF:2
BRH:2
end_of_record
TN:
SF:src\middleware\handleNotFound.ts
FN:5,(anonymous_0)
FNF:1
FNH:1
FNDA:1,(anonymous_0)
DA:2,2
DA:3,2
DA:5,2
DA:6,1
DA:8,1
DA:13,1
DA:16,2
LF:7
LH:7
BRF:0
BRH:0
end_of_record
TN:
SF:src\middleware\setCredentialsHeader.ts
FN:4,(anonymous_1)
FNF:1
FNH:1
FNDA:21,(anonymous_1)
DA:2,2
DA:4,2
DA:9,21
DA:11,21
DA:12,0
DA:15,21
DA:18,2
LF:7
LH:6
BRDA:11,0,0,0
BRDA:11,1,0,21
BRDA:11,1,1,0
BRF:3
BRH:1
end_of_record
TN:
SF:src\repositories\noteRepository.ts
FN:10,(anonymous_1)
FN:14,(anonymous_2)
FN:18,(anonymous_3)
FN:22,(anonymous_4)
FN:23,(anonymous_5)
FN:26,(anonymous_6)
FN:27,(anonymous_7)
FN:31,(anonymous_8)
FN:32,(anonymous_9)
FN:43,(anonymous_10)
FNF:10
FNH:8
FNDA:2,(anonymous_1)
FNDA:3,(anonymous_2)
FNDA:3,(anonymous_3)
FNDA:9,(anonymous_4)
FNDA:29,(anonymous_5)
FNDA:0,(anonymous_6)
FNDA:0,(anonymous_7)
FNDA:3,(anonymous_8)
FNDA:18,(anonymous_9)
FNDA:2,(anonymous_10)
DA:1,2
DA:4,2
DA:5,2
DA:11,2
DA:15,3
DA:19,3
DA:23,29
DA:27,0
DA:28,0
DA:32,3
DA:33,18
DA:34,15
DA:36,3
DA:39,3
DA:43,2
DA:44,2
DA:45,2
DA:47,0
DA:48,0
DA:49,0
DA:50,0
DA:54,2
DA:55,2
DA:57,2
LF:24
LH:18
BRDA:33,0,0,15
BRDA:33,0,1,3
BRDA:44,1,0,2
BRDA:44,1,1,0
BRF:4
BRH:3
end_of_record
TN:
SF:src\routes\index.ts
FNF:0
FNH:0
DA:1,2
DA:2,2
DA:4,2
DA:6,2
DA:8,2
LF:5
LH:5
BRF:0
BRH:0
end_of_record
TN:
SF:src\routes\notesRouter.ts
FNF:0
FNH:0
DA:1,2
DA:2,2
DA:4,2
DA:6,2
DA:11,2
DA:13,2
DA:19,2
LF:7
LH:7
BRF:0
BRH:0
end_of_record
TN:
SF:src\schemas\notes.schema.ts
FN:21,(anonymous_0)
FNF:1
FNH:1
FNDA:2,(anonymous_0)
DA:1,2
DA:3,2
DA:22,2
DA:34,2
DA:40,2
DA:41,2
DA:43,2
LF:7
LH:7
BRF:0
BRH:0
end_of_record
TN:
SF:src\services\errorHandlerService.ts
FN:11,(anonymous_0)
FN:15,(anonymous_1)
FN:19,(anonymous_2)
FN:26,(anonymous_3)
FN:34,(anonymous_4)
FN:38,(anonymous_5)
FNF:6
FNH:5
FNDA:2,(anonymous_0)
FNDA:6,(anonymous_1)
FNDA:5,(anonymous_2)
FNDA:6,(anonymous_3)
FNDA:6,(anonymous_4)
FNDA:0,(anonymous_5)
DA:3,2
DA:4,2
DA:6,2
DA:12,2
DA:16,6
DA:20,5
DA:27,6
DA:28,6
DA:30,0
DA:35,6
DA:39,0
DA:40,0
DA:45,0
DA:46,0
DA:50,2
DA:52,2
LF:16
LH:11
BRDA:16,0,0,6
BRDA:16,0,1,6
BRDA:27,1,0,6
BRDA:27,1,1,0
BRDA:27,2,0,6
BRDA:27,2,1,6
BRDA:39,3,0,0
BRF:7
BRH:5
end_of_record
TN:
SF:src\services\noteService.ts
FN:15,(anonymous_1)
FN:29,(anonymous_2)
FN:41,(anonymous_3)
FN:53,(anonymous_4)
FN:83,(anonymous_5)
FN:96,(anonymous_6)
FNF:6
FNH:6
FNDA:3,(anonymous_1)
FNDA:2,(anonymous_2)
FNDA:3,(anonymous_3)
FNDA:5,(anonymous_4)
FNDA:1,(anonymous_5)
FNDA:1,(anonymous_6)
DA:1,2
DA:2,2
DA:3,2
DA:10,2
DA:11,2
DA:16,3
DA:17,3
DA:18,3
DA:20,3
DA:21,3
DA:22,1
DA:25,3
DA:27,3
DA:30,2
DA:32,2
DA:33,1
DA:39,1
DA:42,3
DA:44,3
DA:45,1
DA:51,2
DA:54,5
DA:56,5
DA:57,1
DA:63,4
DA:64,4
DA:66,4
DA:67,1
DA:74,3
DA:75,3
DA:76,2
DA:78,3
DA:80,3
DA:84,1
DA:86,1
DA:87,1
DA:93,0
DA:97,1
DA:99,1
DA:100,0
DA:106,1
DA:108,1
DA:109,3
DA:110,3
DA:112,3
DA:113,3
DA:116,3
DA:119,1
DA:123,2
DA:125,2
LF:50
LH:48
BRDA:21,0,0,1
BRDA:32,1,0,1
BRDA:44,2,0,1
BRDA:56,3,0,1
BRDA:66,4,0,1
BRDA:66,5,0,4
BRDA:66,5,1,2
BRDA:75,6,0,2
BRDA:78,7,0,2
BRDA:78,7,1,1
BRDA:86,8,0,1
BRDA:99,9,0,0
BRDA:110,10,0,2
BRDA:110,10,1,1
BRDA:112,11,0,3
BRF:15
BRH:14
end_of_record
TN:
SF:src\services\routesHandlerService.ts
FN:13,(anonymous_1)
FN:33,(anonymous_2)
FN:64,(anonymous_3)
FN:88,(anonymous_4)
FN:112,(anonymous_5)
FN:125,(anonymous_6)
FNF:6
FNH:6
FNDA:4,(anonymous_1)
FNDA:7,(anonymous_2)
FNDA:2,(anonymous_3)
FNDA:4,(anonymous_4)
FNDA:2,(anonymous_5)
FNDA:1,(anonymous_6)
DA:2,2
DA:3,2
DA:4,2
DA:13,2
DA:18,4
DA:19,4
DA:21,4
DA:22,1
DA:23,1
DA:26,3
DA:27,3
DA:29,0
DA:33,2
DA:38,7
DA:39,7
DA:44,7
DA:45,1
DA:46,1
DA:49,6
DA:51,6
DA:52,1
DA:53,1
DA:56,5
DA:58,3
DA:60,2
DA:64,2
DA:69,2
DA:70,2
DA:75,2
DA:76,1
DA:77,1
DA:80,1
DA:82,0
DA:84,1
DA:88,2
DA:93,4
DA:94,4
DA:99,4
DA:100,1
DA:101,1
DA:104,3
DA:106,2
DA:108,1
DA:112,2
DA:117,2
DA:118,2
DA:119,1
DA:121,1
DA:125,2
DA:130,1
DA:131,1
DA:133,1
DA:135,0
LF:53
LH:50
BRDA:21,0,0,1
BRDA:44,1,0,1
BRDA:51,2,0,1
BRDA:75,3,0,1
BRDA:99,4,0,1
BRF:5
BRH:5
end_of_record
TN:
SF:src\services\validationService.ts
FN:5,(anonymous_0)
FN:14,(anonymous_1)
FNF:2
FNH:2
FNDA:23,(anonymous_0)
FNDA:9,(anonymous_1)
DA:2,2
DA:3,2
DA:5,2
DA:9,23
DA:11,23
DA:12,18
DA:14,5
DA:15,9
DA:19,5
DA:26,5
LF:10
LH:10
BRDA:11,0,0,18
BRDA:11,0,1,5
BRDA:15,1,0,7
BRDA:15,1,1,2
BRF:4
BRH:4
end_of_record
